<?xml version="1.0" encoding="UTF-8"?>
<!-- Generated by org.testng.reporters.JUnitXMLReporter -->
<testsuite ignored="0" hostname="LAPTOP-TUUDI5E4" failures="0" tests="4" name="Surefire test" time="0.034" errors="0" timestamp="2023-02-18T14:08:01 IST">
  <testcase classname="com.qa.test.DemoTest" name="avg" time="0.004"/>
  <testcase classname="com.qa.test.DemoTest" name="div" time="0.001"/>
  <testcase classname="com.qa.test.DemoTest" name="sub" time="0.001"/>
  <testcase classname="com.qa.test.DemoTest" name="sum" time="0.0"/>
</testsuite> <!-- Surefire test -->
