<?xml version="1.0" encoding="UTF-8"?>
<!-- Generated by org.testng.reporters.JUnitXMLReporter -->
<testsuite ignored="0" hostname="LAPTOP-TUUDI5E4" failures="0" tests="4" name="Default test" time="0.076" errors="0" timestamp="2022-12-18T19:08:11 IST">
  <testcase classname="com.qa.test.DemoTest" name="avg" time="0.011"/>
  <testcase classname="com.qa.test.DemoTest" name="div" time="0.003"/>
  <testcase classname="com.qa.test.DemoTest" name="sub" time="0.002"/>
  <testcase classname="com.qa.test.DemoTest" name="sum" time="0.002"/>
</testsuite> <!-- Default test -->
