<?xml version="1.0" encoding="UTF-8"?>
<testng-results ignored="0" total="4" passed="4" failed="0" skipped="0">
  <reporter-output>
  </reporter-output>
  <suite started-at="2023-02-18T14:08:01 IST" name="Surefire suite" finished-at="2023-02-18T14:08:01 IST" duration-ms="34">
    <groups>
    </groups>
    <test started-at="2023-02-18T14:08:01 IST" name="Surefire test" finished-at="2023-02-18T14:08:01 IST" duration-ms="34">
      <class name="com.qa.test.DemoTest">
        <test-method signature="avg()[pri:0, instance:com.qa.test.DemoTest@71e9ddb4]" started-at="2023-02-18T14:08:01 IST" name="avg" finished-at="2023-02-18T14:08:01 IST" duration-ms="4" status="PASS">
          <reporter-output>
          </reporter-output>
        </test-method> <!-- avg -->
        <test-method signature="div()[pri:0, instance:com.qa.test.DemoTest@71e9ddb4]" started-at="2023-02-18T14:08:01 IST" name="div" finished-at="2023-02-18T14:08:01 IST" duration-ms="1" status="PASS">
          <reporter-output>
          </reporter-output>
        </test-method> <!-- div -->
        <test-method signature="sub()[pri:0, instance:com.qa.test.DemoTest@71e9ddb4]" started-at="2023-02-18T14:08:01 IST" name="sub" finished-at="2023-02-18T14:08:01 IST" duration-ms="1" status="PASS">
          <reporter-output>
          </reporter-output>
        </test-method> <!-- sub -->
        <test-method signature="sum()[pri:0, instance:com.qa.test.DemoTest@71e9ddb4]" started-at="2023-02-18T14:08:01 IST" name="sum" finished-at="2023-02-18T14:08:01 IST" duration-ms="0" status="PASS">
          <reporter-output>
          </reporter-output>
        </test-method> <!-- sum -->
      </class> <!-- com.qa.test.DemoTest -->
    </test> <!-- Surefire test -->
  </suite> <!-- Surefire suite -->
</testng-results>
