<?xml version="1.0" encoding="UTF-8"?>
<testng-results ignored="0" total="4" passed="4" failed="0" skipped="0">
  <reporter-output>
  </reporter-output>
  <suite started-at="2022-12-18T19:08:11 IST" name="Default suite" finished-at="2022-12-18T19:08:11 IST" duration-ms="76">
    <groups>
    </groups>
    <test started-at="2022-12-18T19:08:11 IST" name="Default test" finished-at="2022-12-18T19:08:11 IST" duration-ms="76">
      <class name="com.qa.test.DemoTest">
        <test-method signature="avg()[pri:0, instance:com.qa.test.DemoTest@57a78e3]" started-at="2022-12-18T19:08:11 IST" name="avg" finished-at="2022-12-18T19:08:11 IST" duration-ms="11" status="PASS">
          <reporter-output>
          </reporter-output>
        </test-method> <!-- avg -->
        <test-method signature="div()[pri:0, instance:com.qa.test.DemoTest@57a78e3]" started-at="2022-12-18T19:08:11 IST" name="div" finished-at="2022-12-18T19:08:11 IST" duration-ms="3" status="PASS">
          <reporter-output>
          </reporter-output>
        </test-method> <!-- div -->
        <test-method signature="sub()[pri:0, instance:com.qa.test.DemoTest@57a78e3]" started-at="2022-12-18T19:08:11 IST" name="sub" finished-at="2022-12-18T19:08:11 IST" duration-ms="2" status="PASS">
          <reporter-output>
          </reporter-output>
        </test-method> <!-- sub -->
        <test-method signature="sum()[pri:0, instance:com.qa.test.DemoTest@57a78e3]" started-at="2022-12-18T19:08:11 IST" name="sum" finished-at="2022-12-18T19:08:11 IST" duration-ms="2" status="PASS">
          <reporter-output>
          </reporter-output>
        </test-method> <!-- sum -->
      </class> <!-- com.qa.test.DemoTest -->
    </test> <!-- Default test -->
  </suite> <!-- Default suite -->
</testng-results>
